2023-03-10 15:18:13,791 [Worker-1: Loading available Gradle versions] INFO  o.e.b.c.i.u.g.PublishedGradleVersions - Gradle version information cache is up-to-date. Trying to read.
2023-03-10 15:20:41,881 [Worker-7: Import Getting Started Content] INFO  o.e.m.c.i.l.LifecycleMappingFactory - Using org.eclipse.m2e.jdt.JarLifecycleMapping lifecycle mapping for MavenProject: com.example:Algorithmic:0.0.1-SNAPSHOT @ C:\Users\nkwej\OneDrive\Documents\Java\Algorithmic\Algorithmic\pom.xml.
2023-03-10 15:20:42,528 [Worker-7: Import Getting Started Content] INFO  o.e.m.j.i.AbstractJavaProjectConfigurator - Adding source folder /Algorithmic/src/main/java
2023-03-10 15:20:42,529 [Worker-7: Import Getting Started Content] INFO  o.e.m.j.i.AbstractJavaProjectConfigurator - Adding resource folder /Algorithmic/src/main/resources
2023-03-10 15:20:42,534 [Worker-7: Import Getting Started Content] INFO  o.e.m.j.i.AbstractJavaProjectConfigurator - Adding resource folder /Algorithmic/src/main/resources
2023-03-10 15:20:42,541 [Worker-7: Import Getting Started Content] INFO  o.e.m.j.i.AbstractJavaProjectConfigurator - Adding source folder /Algorithmic/src/test/java
2023-03-10 15:20:43,753 [Worker-7: Import Getting Started Content] INFO  o.e.m.c.i.p.ProjectConfigurationManager - Imported and configured 1 project(s) in 3 sec
2023-03-10 15:20:43,756 [Worker-7: Import Getting Started Content] INFO  o.e.m.c.i.p.ProjectConfigurationManager - Update started
2023-03-10 15:20:44,003 [Worker-7: Import Getting Started Content] INFO  o.e.m.c.i.l.LifecycleMappingFactory - Using org.eclipse.m2e.jdt.JarLifecycleMapping lifecycle mapping for MavenProject: com.example:Algorithmic:0.0.1-SNAPSHOT @ C:\Users\nkwej\OneDrive\Documents\Java\Algorithmic\Algorithmic\pom.xml.
2023-03-10 15:20:44,384 [Worker-7: Import Getting Started Content] INFO  o.e.m.j.i.AbstractJavaProjectConfigurator - Adding source folder /Algorithmic/src/main/java
2023-03-10 15:20:44,385 [Worker-7: Import Getting Started Content] INFO  o.e.m.j.i.AbstractJavaProjectConfigurator - Adding resource folder /Algorithmic/src/main/resources
2023-03-10 15:20:44,385 [Worker-7: Import Getting Started Content] INFO  o.e.m.j.i.AbstractJavaProjectConfigurator - Adding resource folder /Algorithmic/src/main/resources
2023-03-10 15:20:44,385 [Worker-7: Import Getting Started Content] INFO  o.e.m.j.i.AbstractJavaProjectConfigurator - Adding source folder /Algorithmic/src/test/java
2023-03-10 15:20:44,839 [Worker-7: Import Getting Started Content] INFO  o.e.m.c.i.p.ProjectConfigurationManager - Update completed: 1 sec
2023-03-10 15:20:45,925 [Worker-5: Building] INFO  o.a.m.s.f.DefaultMavenResourcesFiltering - Copying 1 resource
2023-03-10 15:20:45,938 [Worker-5: Building] INFO  o.a.m.s.f.DefaultMavenResourcesFiltering - Copying 0 resource
2023-03-10 15:20:45,940 [Worker-5: Building] INFO  o.a.m.s.f.DefaultMavenResourcesFiltering - skip non existing resourceDirectory C:\Users\nkwej\OneDrive\Documents\Java\Algorithmic\Algorithmic\src\test\resources
2023-03-10 15:21:43,074 [Worker-7: Building] INFO  o.a.m.s.f.DefaultMavenResourcesFiltering - Copying 1 resource
2023-03-10 15:21:43,080 [Worker-7: Building] INFO  o.a.m.s.f.DefaultMavenResourcesFiltering - Copying 0 resource
2023-03-10 15:21:43,083 [Worker-7: Building] INFO  o.a.m.s.f.DefaultMavenResourcesFiltering - skip non existing resourceDirectory C:\Users\nkwej\OneDrive\Documents\Java\Algorithmic\Algorithmic\src\test\resources
2023-03-10 15:25:24,578 [Worker-4: Building] INFO  o.a.m.s.f.DefaultMavenResourcesFiltering - Copying 1 resource
2023-03-10 15:25:24,621 [Worker-4: Building] INFO  o.a.m.s.f.DefaultMavenResourcesFiltering - Copying 0 resource
2023-03-10 15:25:24,624 [Worker-4: Building] INFO  o.a.m.s.f.DefaultMavenResourcesFiltering - skip non existing resourceDirectory C:\Users\nkwej\OneDrive\Documents\Java\Algorithmic\Algorithmic\src\test\resources
2023-03-10 15:26:29,588 [Worker-6: Building] INFO  o.a.m.s.f.DefaultMavenResourcesFiltering - Copying 1 resource
2023-03-10 15:26:29,594 [Worker-6: Building] INFO  o.a.m.s.f.DefaultMavenResourcesFiltering - Copying 0 resource
2023-03-10 15:26:29,597 [Worker-6: Building] INFO  o.a.m.s.f.DefaultMavenResourcesFiltering - skip non existing resourceDirectory C:\Users\nkwej\OneDrive\Documents\Java\Algorithmic\Algorithmic\src\test\resources
2023-03-10 15:26:52,550 [Worker-0: Building] INFO  o.a.m.s.f.DefaultMavenResourcesFiltering - Copying 1 resource
2023-03-10 15:26:52,554 [Worker-0: Building] INFO  o.a.m.s.f.DefaultMavenResourcesFiltering - Copying 0 resource
2023-03-10 15:26:52,556 [Worker-0: Building] INFO  o.a.m.s.f.DefaultMavenResourcesFiltering - skip non existing resourceDirectory C:\Users\nkwej\OneDrive\Documents\Java\Algorithmic\Algorithmic\src\test\resources
2023-03-10 15:27:21,316 [Worker-6: Building] INFO  o.a.m.s.f.DefaultMavenResourcesFiltering - Copying 1 resource
2023-03-10 15:27:21,322 [Worker-6: Building] INFO  o.a.m.s.f.DefaultMavenResourcesFiltering - Copying 0 resource
2023-03-10 15:27:21,325 [Worker-6: Building] INFO  o.a.m.s.f.DefaultMavenResourcesFiltering - skip non existing resourceDirectory C:\Users\nkwej\OneDrive\Documents\Java\Algorithmic\Algorithmic\src\test\resources
2023-03-10 15:29:01,957 [Worker-9: Building] INFO  o.a.m.s.f.DefaultMavenResourcesFiltering - Copying 1 resource
2023-03-10 15:29:01,960 [Worker-9: Building] INFO  o.a.m.s.f.DefaultMavenResourcesFiltering - Copying 0 resource
2023-03-10 15:29:01,962 [Worker-9: Building] INFO  o.a.m.s.f.DefaultMavenResourcesFiltering - skip non existing resourceDirectory C:\Users\nkwej\OneDrive\Documents\Java\Algorithmic\Algorithmic\src\test\resources
2023-03-10 15:29:22,987 [Worker-9: Building] INFO  o.a.m.s.f.DefaultMavenResourcesFiltering - Copying 1 resource
2023-03-10 15:29:22,991 [Worker-9: Building] INFO  o.a.m.s.f.DefaultMavenResourcesFiltering - Copying 0 resource
2023-03-10 15:29:22,994 [Worker-9: Building] INFO  o.a.m.s.f.DefaultMavenResourcesFiltering - skip non existing resourceDirectory C:\Users\nkwej\OneDrive\Documents\Java\Algorithmic\Algorithmic\src\test\resources
2023-03-10 15:30:14,906 [Worker-6: Building] INFO  o.a.m.s.f.DefaultMavenResourcesFiltering - Copying 1 resource
2023-03-10 15:30:14,910 [Worker-6: Building] INFO  o.a.m.s.f.DefaultMavenResourcesFiltering - Copying 0 resource
2023-03-10 15:30:14,911 [Worker-6: Building] INFO  o.a.m.s.f.DefaultMavenResourcesFiltering - skip non existing resourceDirectory C:\Users\nkwej\OneDrive\Documents\Java\Algorithmic\Algorithmic\src\test\resources
2023-03-10 15:30:40,451 [Worker-9: Building] INFO  o.a.m.s.f.DefaultMavenResourcesFiltering - Copying 1 resource
2023-03-10 15:30:40,453 [Worker-9: Building] INFO  o.a.m.s.f.DefaultMavenResourcesFiltering - Copying 0 resource
2023-03-10 15:30:40,455 [Worker-9: Building] INFO  o.a.m.s.f.DefaultMavenResourcesFiltering - skip non existing resourceDirectory C:\Users\nkwej\OneDrive\Documents\Java\Algorithmic\Algorithmic\src\test\resources
2023-03-10 15:31:09,595 [Worker-2: Building] INFO  o.a.m.s.f.DefaultMavenResourcesFiltering - Copying 1 resource
2023-03-10 15:31:09,598 [Worker-2: Building] INFO  o.a.m.s.f.DefaultMavenResourcesFiltering - Copying 0 resource
2023-03-10 15:31:09,600 [Worker-2: Building] INFO  o.a.m.s.f.DefaultMavenResourcesFiltering - skip non existing resourceDirectory C:\Users\nkwej\OneDrive\Documents\Java\Algorithmic\Algorithmic\src\test\resources
2023-03-10 15:35:45,938 [Worker-6: Building] INFO  o.e.m.c.i.l.LifecycleMappingFactory - Using org.eclipse.m2e.jdt.JarLifecycleMapping lifecycle mapping for MavenProject: com.example:Algorithmic:0.0.1-SNAPSHOT @ C:\Users\nkwej\OneDrive\Documents\Java\Algorithmic\Algorithmic\pom.xml.
2023-03-10 15:35:46,237 [Worker-6: Building] INFO  o.a.m.s.f.DefaultMavenResourcesFiltering - Copying 0 resource
2023-03-10 15:35:46,238 [Worker-6: Building] INFO  o.a.m.s.f.DefaultMavenResourcesFiltering - Copying 0 resource
2023-03-10 15:35:46,240 [Worker-6: Building] INFO  o.a.m.s.f.DefaultMavenResourcesFiltering - skip non existing resourceDirectory C:\Users\nkwej\OneDrive\Documents\Java\Algorithmic\Algorithmic\src\test\resources
2023-03-10 15:35:47,634 [Worker-6: Building] INFO  o.a.m.s.f.DefaultMavenResourcesFiltering - Copying 1 resource
2023-03-10 15:35:47,646 [Worker-6: Building] INFO  o.a.m.s.f.DefaultMavenResourcesFiltering - Copying 0 resource
2023-03-10 15:35:47,647 [Worker-6: Building] INFO  o.a.m.s.f.DefaultMavenResourcesFiltering - skip non existing resourceDirectory C:\Users\nkwej\OneDrive\Documents\Java\Algorithmic\Algorithmic\src\test\resources
2023-03-10 15:37:00,936 [Worker-11: Building] INFO  o.a.m.s.f.DefaultMavenResourcesFiltering - Copying 1 resource
2023-03-10 15:37:00,940 [Worker-11: Building] INFO  o.a.m.s.f.DefaultMavenResourcesFiltering - Copying 0 resource
2023-03-10 15:37:00,942 [Worker-11: Building] INFO  o.a.m.s.f.DefaultMavenResourcesFiltering - skip non existing resourceDirectory C:\Users\nkwej\OneDrive\Documents\Java\Algorithmic\Algorithmic\src\test\resources
2023-03-10 15:37:29,798 [Worker-12: Building] INFO  o.a.m.s.f.DefaultMavenResourcesFiltering - Copying 1 resource
2023-03-10 15:37:29,802 [Worker-12: Building] INFO  o.a.m.s.f.DefaultMavenResourcesFiltering - Copying 0 resource
2023-03-10 15:37:29,803 [Worker-12: Building] INFO  o.a.m.s.f.DefaultMavenResourcesFiltering - skip non existing resourceDirectory C:\Users\nkwej\OneDrive\Documents\Java\Algorithmic\Algorithmic\src\test\resources
2023-03-10 15:37:43,998 [Worker-12: Building] INFO  o.a.m.s.f.DefaultMavenResourcesFiltering - Copying 1 resource
2023-03-10 15:37:44,005 [Worker-12: Building] INFO  o.a.m.s.f.DefaultMavenResourcesFiltering - Copying 0 resource
2023-03-10 15:37:44,007 [Worker-12: Building] INFO  o.a.m.s.f.DefaultMavenResourcesFiltering - skip non existing resourceDirectory C:\Users\nkwej\OneDrive\Documents\Java\Algorithmic\Algorithmic\src\test\resources
2023-03-10 15:55:22,413 [Worker-17: Building] INFO  o.a.m.s.f.DefaultMavenResourcesFiltering - Copying 1 resource
2023-03-10 15:55:22,415 [Worker-17: Building] INFO  o.a.m.s.f.DefaultMavenResourcesFiltering - Copying 0 resource
2023-03-10 15:55:22,416 [Worker-17: Building] INFO  o.a.m.s.f.DefaultMavenResourcesFiltering - skip non existing resourceDirectory C:\Users\nkwej\OneDrive\Documents\Java\Algorithmic\Algorithmic\src\test\resources
2023-03-10 15:55:43,517 [Worker-17: Building] INFO  o.a.m.s.f.DefaultMavenResourcesFiltering - Copying 1 resource
2023-03-10 15:55:43,528 [Worker-17: Building] INFO  o.a.m.s.f.DefaultMavenResourcesFiltering - Copying 0 resource
2023-03-10 15:55:43,529 [Worker-17: Building] INFO  o.a.m.s.f.DefaultMavenResourcesFiltering - skip non existing resourceDirectory C:\Users\nkwej\OneDrive\Documents\Java\Algorithmic\Algorithmic\src\test\resources
2023-03-10 15:56:05,886 [Worker-21: Building] INFO  o.a.m.s.f.DefaultMavenResourcesFiltering - Copying 1 resource
2023-03-10 15:56:05,892 [Worker-21: Building] INFO  o.a.m.s.f.DefaultMavenResourcesFiltering - Copying 0 resource
2023-03-10 15:56:05,895 [Worker-21: Building] INFO  o.a.m.s.f.DefaultMavenResourcesFiltering - skip non existing resourceDirectory C:\Users\nkwej\OneDrive\Documents\Java\Algorithmic\Algorithmic\src\test\resources
2023-03-10 15:56:42,561 [Worker-21: Building] INFO  o.a.m.s.f.DefaultMavenResourcesFiltering - Copying 1 resource
2023-03-10 15:56:42,562 [Worker-21: Building] INFO  o.a.m.s.f.DefaultMavenResourcesFiltering - Copying 0 resource
2023-03-10 15:56:42,564 [Worker-21: Building] INFO  o.a.m.s.f.DefaultMavenResourcesFiltering - skip non existing resourceDirectory C:\Users\nkwej\OneDrive\Documents\Java\Algorithmic\Algorithmic\src\test\resources
2023-03-10 15:58:39,092 [Worker-20: Building] INFO  o.a.m.s.f.DefaultMavenResourcesFiltering - Copying 1 resource
2023-03-10 15:58:39,096 [Worker-20: Building] INFO  o.a.m.s.f.DefaultMavenResourcesFiltering - Copying 0 resource
2023-03-10 15:58:39,098 [Worker-20: Building] INFO  o.a.m.s.f.DefaultMavenResourcesFiltering - skip non existing resourceDirectory C:\Users\nkwej\OneDrive\Documents\Java\Algorithmic\Algorithmic\src\test\resources
2023-03-10 16:00:19,006 [Worker-19: Building] INFO  o.a.m.s.f.DefaultMavenResourcesFiltering - Copying 1 resource
2023-03-10 16:00:19,010 [Worker-19: Building] INFO  o.a.m.s.f.DefaultMavenResourcesFiltering - Copying 0 resource
2023-03-10 16:00:19,012 [Worker-19: Building] INFO  o.a.m.s.f.DefaultMavenResourcesFiltering - skip non existing resourceDirectory C:\Users\nkwej\OneDrive\Documents\Java\Algorithmic\Algorithmic\src\test\resources
2023-03-10 16:13:31,250 [Worker-24: Building] INFO  o.a.m.s.f.DefaultMavenResourcesFiltering - Copying 1 resource
2023-03-10 16:13:31,254 [Worker-24: Building] INFO  o.a.m.s.f.DefaultMavenResourcesFiltering - Copying 0 resource
2023-03-10 16:13:31,256 [Worker-24: Building] INFO  o.a.m.s.f.DefaultMavenResourcesFiltering - skip non existing resourceDirectory C:\Users\nkwej\OneDrive\Documents\Java\Algorithmic\Algorithmic\src\test\resources
2023-03-10 16:17:10,726 [Worker-25: Building] INFO  o.a.m.s.f.DefaultMavenResourcesFiltering - Copying 1 resource
2023-03-10 16:17:10,728 [Worker-25: Building] INFO  o.a.m.s.f.DefaultMavenResourcesFiltering - Copying 0 resource
2023-03-10 16:17:10,730 [Worker-25: Building] INFO  o.a.m.s.f.DefaultMavenResourcesFiltering - skip non existing resourceDirectory C:\Users\nkwej\OneDrive\Documents\Java\Algorithmic\Algorithmic\src\test\resources
2023-03-10 16:20:53,312 [Worker-36: Building] INFO  o.a.m.s.f.DefaultMavenResourcesFiltering - Copying 1 resource
2023-03-10 16:20:53,317 [Worker-36: Building] INFO  o.a.m.s.f.DefaultMavenResourcesFiltering - Copying 0 resource
2023-03-10 16:20:53,318 [Worker-36: Building] INFO  o.a.m.s.f.DefaultMavenResourcesFiltering - skip non existing resourceDirectory C:\Users\nkwej\OneDrive\Documents\Java\Algorithmic\Algorithmic\src\test\resources
2023-03-10 16:22:28,920 [Worker-26: Building] INFO  o.a.m.s.f.DefaultMavenResourcesFiltering - Copying 1 resource
2023-03-10 16:22:28,928 [Worker-26: Building] INFO  o.a.m.s.f.DefaultMavenResourcesFiltering - Copying 0 resource
2023-03-10 16:22:28,929 [Worker-26: Building] INFO  o.a.m.s.f.DefaultMavenResourcesFiltering - skip non existing resourceDirectory C:\Users\nkwej\OneDrive\Documents\Java\Algorithmic\Algorithmic\src\test\resources
2023-03-10 16:25:16,836 [Worker-40: Building] INFO  o.a.m.s.f.DefaultMavenResourcesFiltering - Copying 1 resource
2023-03-10 16:25:16,840 [Worker-40: Building] INFO  o.a.m.s.f.DefaultMavenResourcesFiltering - Copying 0 resource
2023-03-10 16:25:16,844 [Worker-40: Building] INFO  o.a.m.s.f.DefaultMavenResourcesFiltering - skip non existing resourceDirectory C:\Users\nkwej\OneDrive\Documents\Java\Algorithmic\Algorithmic\src\test\resources
2023-03-10 16:27:21,235 [Worker-42: Building] INFO  o.a.m.s.f.DefaultMavenResourcesFiltering - Copying 1 resource
2023-03-10 16:27:21,238 [Worker-42: Building] INFO  o.a.m.s.f.DefaultMavenResourcesFiltering - Copying 0 resource
2023-03-10 16:27:21,240 [Worker-42: Building] INFO  o.a.m.s.f.DefaultMavenResourcesFiltering - skip non existing resourceDirectory C:\Users\nkwej\OneDrive\Documents\Java\Algorithmic\Algorithmic\src\test\resources
2023-03-10 16:28:02,395 [Worker-26: Building] INFO  o.a.m.s.f.DefaultMavenResourcesFiltering - Copying 1 resource
2023-03-10 16:28:02,399 [Worker-26: Building] INFO  o.a.m.s.f.DefaultMavenResourcesFiltering - Copying 0 resource
2023-03-10 16:28:02,400 [Worker-26: Building] INFO  o.a.m.s.f.DefaultMavenResourcesFiltering - skip non existing resourceDirectory C:\Users\nkwej\OneDrive\Documents\Java\Algorithmic\Algorithmic\src\test\resources
2023-03-10 16:36:06,562 [Worker-43: Building] INFO  o.a.m.s.f.DefaultMavenResourcesFiltering - Copying 1 resource
2023-03-10 16:36:06,567 [Worker-43: Building] INFO  o.a.m.s.f.DefaultMavenResourcesFiltering - Copying 0 resource
2023-03-10 16:36:06,568 [Worker-43: Building] INFO  o.a.m.s.f.DefaultMavenResourcesFiltering - skip non existing resourceDirectory C:\Users\nkwej\OneDrive\Documents\Java\Algorithmic\Algorithmic\src\test\resources
2023-03-10 16:37:34,969 [Worker-45: Building] INFO  o.a.m.s.f.DefaultMavenResourcesFiltering - Copying 1 resource
2023-03-10 16:37:34,974 [Worker-45: Building] INFO  o.a.m.s.f.DefaultMavenResourcesFiltering - Copying 0 resource
2023-03-10 16:37:34,975 [Worker-45: Building] INFO  o.a.m.s.f.DefaultMavenResourcesFiltering - skip non existing resourceDirectory C:\Users\nkwej\OneDrive\Documents\Java\Algorithmic\Algorithmic\src\test\resources
2023-03-10 16:50:48,661 [Worker-43: Building] INFO  o.a.m.s.f.DefaultMavenResourcesFiltering - Copying 1 resource
2023-03-10 16:50:48,671 [Worker-43: Building] INFO  o.a.m.s.f.DefaultMavenResourcesFiltering - Copying 0 resource
2023-03-10 16:50:48,673 [Worker-43: Building] INFO  o.a.m.s.f.DefaultMavenResourcesFiltering - skip non existing resourceDirectory C:\Users\nkwej\OneDrive\Documents\Java\Algorithmic\Algorithmic\src\test\resources
2023-03-10 16:52:43,990 [Worker-25: Building] INFO  o.a.m.s.f.DefaultMavenResourcesFiltering - Copying 0 resource
2023-03-10 16:52:43,990 [Worker-25: Building] INFO  o.a.m.s.f.DefaultMavenResourcesFiltering - Copying 0 resource
2023-03-10 16:52:43,991 [Worker-25: Building] INFO  o.a.m.s.f.DefaultMavenResourcesFiltering - skip non existing resourceDirectory C:\Users\nkwej\OneDrive\Documents\Java\Algorithmic\Algorithmic\src\test\resources
2023-03-10 16:55:31,998 [Worker-48: Building] INFO  o.a.m.s.f.DefaultMavenResourcesFiltering - Copying 1 resource
2023-03-10 16:55:32,004 [Worker-48: Building] INFO  o.a.m.s.f.DefaultMavenResourcesFiltering - Copying 0 resource
2023-03-10 16:55:32,005 [Worker-48: Building] INFO  o.a.m.s.f.DefaultMavenResourcesFiltering - skip non existing resourceDirectory C:\Users\nkwej\OneDrive\Documents\Java\Algorithmic\Algorithmic\src\test\resources
2023-03-10 17:01:31,128 [Worker-25: Building] INFO  o.a.m.s.f.DefaultMavenResourcesFiltering - Copying 0 resource
2023-03-10 17:01:31,129 [Worker-25: Building] INFO  o.a.m.s.f.DefaultMavenResourcesFiltering - Copying 0 resource
2023-03-10 17:01:31,129 [Worker-25: Building] INFO  o.a.m.s.f.DefaultMavenResourcesFiltering - skip non existing resourceDirectory C:\Users\nkwej\OneDrive\Documents\Java\Algorithmic\Algorithmic\src\test\resources
2023-03-10 17:08:44,423 [Worker-43: Building] INFO  o.a.m.s.f.DefaultMavenResourcesFiltering - Copying 0 resource
2023-03-10 17:08:44,423 [Worker-43: Building] INFO  o.a.m.s.f.DefaultMavenResourcesFiltering - Copying 0 resource
2023-03-10 17:08:44,424 [Worker-43: Building] INFO  o.a.m.s.f.DefaultMavenResourcesFiltering - skip non existing resourceDirectory C:\Users\nkwej\OneDrive\Documents\Java\Algorithmic\Algorithmic\src\test\resources
2023-03-10 17:20:12,005 [Worker-54: Building] INFO  o.a.m.s.f.DefaultMavenResourcesFiltering - Copying 1 resource
2023-03-10 17:20:12,009 [Worker-54: Building] INFO  o.a.m.s.f.DefaultMavenResourcesFiltering - Copying 0 resource
2023-03-10 17:20:12,011 [Worker-54: Building] INFO  o.a.m.s.f.DefaultMavenResourcesFiltering - skip non existing resourceDirectory C:\Users\nkwej\OneDrive\Documents\Java\Algorithmic\Algorithmic\src\test\resources
2023-03-10 17:22:12,179 [Worker-55: Building] INFO  o.a.m.s.f.DefaultMavenResourcesFiltering - Copying 0 resource
2023-03-10 17:22:12,179 [Worker-55: Building] INFO  o.a.m.s.f.DefaultMavenResourcesFiltering - Copying 0 resource
2023-03-10 17:22:12,180 [Worker-55: Building] INFO  o.a.m.s.f.DefaultMavenResourcesFiltering - skip non existing resourceDirectory C:\Users\nkwej\OneDrive\Documents\Java\Algorithmic\Algorithmic\src\test\resources
2023-03-10 17:24:48,460 [Worker-56: Building] INFO  o.a.m.s.f.DefaultMavenResourcesFiltering - Copying 0 resource
2023-03-10 17:24:48,460 [Worker-56: Building] INFO  o.a.m.s.f.DefaultMavenResourcesFiltering - Copying 0 resource
2023-03-10 17:24:48,461 [Worker-56: Building] INFO  o.a.m.s.f.DefaultMavenResourcesFiltering - skip non existing resourceDirectory C:\Users\nkwej\OneDrive\Documents\Java\Algorithmic\Algorithmic\src\test\resources
2023-03-12 21:10:53,898 [Worker-82: Building] INFO  o.a.m.s.f.DefaultMavenResourcesFiltering - Copying 1 resource
2023-03-12 21:10:53,947 [Worker-82: Building] INFO  o.a.m.s.f.DefaultMavenResourcesFiltering - Copying 0 resource
2023-03-12 21:10:53,949 [Worker-82: Building] INFO  o.a.m.s.f.DefaultMavenResourcesFiltering - skip non existing resourceDirectory C:\Users\nkwej\OneDrive\Documents\Java\Algorithmic\Algorithmic\src\test\resources
2023-03-12 21:11:52,197 [Worker-86: Building] INFO  o.a.m.s.f.DefaultMavenResourcesFiltering - Copying 1 resource
2023-03-12 21:11:52,212 [Worker-86: Building] INFO  o.a.m.s.f.DefaultMavenResourcesFiltering - Copying 0 resource
2023-03-12 21:11:52,214 [Worker-86: Building] INFO  o.a.m.s.f.DefaultMavenResourcesFiltering - skip non existing resourceDirectory C:\Users\nkwej\OneDrive\Documents\Java\Algorithmic\Algorithmic\src\test\resources
2023-03-12 21:12:13,319 [Worker-86: Building] INFO  o.a.m.s.f.DefaultMavenResourcesFiltering - Copying 1 resource
2023-03-12 21:12:13,363 [Worker-86: Building] INFO  o.a.m.s.f.DefaultMavenResourcesFiltering - Copying 0 resource
2023-03-12 21:12:13,365 [Worker-86: Building] INFO  o.a.m.s.f.DefaultMavenResourcesFiltering - skip non existing resourceDirectory C:\Users\nkwej\OneDrive\Documents\Java\Algorithmic\Algorithmic\src\test\resources
2023-03-12 21:14:09,851 [Worker-88: Building] INFO  o.a.m.s.f.DefaultMavenResourcesFiltering - Copying 1 resource
2023-03-12 21:14:09,855 [Worker-88: Building] INFO  o.a.m.s.f.DefaultMavenResourcesFiltering - Copying 0 resource
2023-03-12 21:14:09,856 [Worker-88: Building] INFO  o.a.m.s.f.DefaultMavenResourcesFiltering - skip non existing resourceDirectory C:\Users\nkwej\OneDrive\Documents\Java\Algorithmic\Algorithmic\src\test\resources
2023-03-12 21:15:22,758 [Worker-87: Building] INFO  o.a.m.s.f.DefaultMavenResourcesFiltering - Copying 1 resource
2023-03-12 21:15:22,766 [Worker-87: Building] INFO  o.a.m.s.f.DefaultMavenResourcesFiltering - Copying 0 resource
2023-03-12 21:15:22,768 [Worker-87: Building] INFO  o.a.m.s.f.DefaultMavenResourcesFiltering - skip non existing resourceDirectory C:\Users\nkwej\OneDrive\Documents\Java\Algorithmic\Algorithmic\src\test\resources
2023-03-12 21:20:18,721 [Worker-90: Building] INFO  o.a.m.s.f.DefaultMavenResourcesFiltering - Copying 0 resource
2023-03-12 21:20:18,722 [Worker-90: Building] INFO  o.a.m.s.f.DefaultMavenResourcesFiltering - Copying 0 resource
2023-03-12 21:20:18,723 [Worker-90: Building] INFO  o.a.m.s.f.DefaultMavenResourcesFiltering - skip non existing resourceDirectory C:\Users\nkwej\OneDrive\Documents\Java\Algorithmic\Algorithmic\src\test\resources
2023-03-12 21:20:40,188 [Worker-81: Building] INFO  o.a.m.s.f.DefaultMavenResourcesFiltering - Copying 0 resource
2023-03-12 21:20:40,189 [Worker-81: Building] INFO  o.a.m.s.f.DefaultMavenResourcesFiltering - Copying 0 resource
2023-03-12 21:20:40,190 [Worker-81: Building] INFO  o.a.m.s.f.DefaultMavenResourcesFiltering - skip non existing resourceDirectory C:\Users\nkwej\OneDrive\Documents\Java\Algorithmic\Algorithmic\src\test\resources
2023-03-12 21:21:13,570 [Worker-90: Building] INFO  o.a.m.s.f.DefaultMavenResourcesFiltering - Copying 1 resource
2023-03-12 21:21:13,578 [Worker-90: Building] INFO  o.a.m.s.f.DefaultMavenResourcesFiltering - Copying 0 resource
2023-03-12 21:21:13,580 [Worker-90: Building] INFO  o.a.m.s.f.DefaultMavenResourcesFiltering - skip non existing resourceDirectory C:\Users\nkwej\OneDrive\Documents\Java\Algorithmic\Algorithmic\src\test\resources
